# JRE version: Java(TM) SE Runtime Environment (10.0.2+13) (build 10.0.2+13)
# Java VM: Java HotSpot(TM) 64-Bit Server VM (10.0.2+13, mixed mode, tiered, compressed oops, g1 gc, bsd-amd64)
Heap:
 garbage-first heap   total 78848K, used 36242K [0x0000000780000000, 0x00000007c0000000)
  region size 1024K, 10 young (10240K), 3 survivors (3072K)
 Metaspace       used 15010K, capacity 15282K, committed 16000K, reserved 1062912K
  class space    used 1496K, capacity 1634K, committed 1920K, reserved 1048576K
GC Heap History (10 events):
Event: 1361.408 GC heap before
{Heap before GC invocations=173 (full 0):
 garbage-first heap   total 78848K, used 69866K [0x0000000780000000, 0x00000007c0000000)
  region size 1024K, 39 young (39936K), 3 survivors (3072K)
 Metaspace       used 15290K, capacity 15696K, committed 16000K, reserved 1062912K
  class space    used 1583K, capacity 1803K, committed 1920K, reserved 1048576K
}
Event: 1361.450 GC heap after
{Heap after GC invocations=174 (full 0):
 garbage-first heap   total 78848K, used 33195K [0x0000000780000000, 0x00000007c0000000)
  region size 1024K, 3 young (3072K), 3 survivors (3072K)
 Metaspace       used 15290K, capacity 15696K, committed 16000K, reserved 1062912K
  class space    used 1583K, capacity 1803K, committed 1920K, reserved 1048576K
}
Event: 1373.213 GC heap before
{Heap before GC invocations=174 (full 0):
 garbage-first heap   total 78848K, used 70059K [0x0000000780000000, 0x00000007c0000000)
  region size 1024K, 36 young (36864K), 3 survivors (3072K)
 Metaspace       used 15312K, capacity 15696K, committed 16000K, reserved 1062912K
  class space    used 1583K, capacity 1803K, committed 1920K, reserved 1048576K
}
Event: 1373.219 GC heap after
{Heap after GC invocations=175 (full 0):
 garbage-first heap   total 78848K, used 33044K [0x0000000780000000, 0x00000007c0000000)
  region size 1024K, 3 young (3072K), 3 survivors (3072K)
 Metaspace       used 15312K, capacity 15696K, committed 16000K, reserved 1062912K
  class space    used 1583K, capacity 1803K, committed 1920K, reserved 1048576K
}
Event: 1374.147 GC heap before
{Heap before GC invocations=175 (full 0):
 garbage-first heap   total 78848K, used 66836K [0x0000000780000000, 0x00000007c0000000)
  region size 1024K, 36 young (36864K), 3 survivors (3072K)
 Metaspace       used 15312K, capacity 15696K, committed 16000K, reserved 1062912K
  class space    used 1583K, capacity 1803K, committed 1920K, reserved 1048576K
}
Event: 1374.169 GC heap after
{Heap after GC invocations=176 (full 0):
 garbage-first heap   total 78848K, used 29967K [0x0000000780000000, 0x00000007c0000000)
  region size 1024K, 3 young (3072K), 3 survivors (3072K)
 Metaspace       used 15312K, capacity 15696K, committed 16000K, reserved 1062912K
  class space    used 1583K, capacity 1803K, committed 1920K, reserved 1048576K
}
Event: 31786.028 GC heap before
{Heap before GC invocations=176 (full 0):
 garbage-first heap   total 78848K, used 54543K [0x0000000780000000, 0x00000007c0000000)
  region size 1024K, 21 young (21504K), 3 survivors (3072K)
 Metaspace       used 15337K, capacity 15760K, committed 16000K, reserved 1062912K
  class space    used 1585K, capacity 1803K, committed 1920K, reserved 1048576K
}
Event: 31786.137 GC heap after
{Heap after GC invocations=177 (full 0):
 garbage-first heap   total 78848K, used 37260K [0x0000000780000000, 0x00000007c0000000)
  region size 1024K, 3 young (3072K), 3 survivors (3072K)
 Metaspace       used 15337K, capacity 15760K, committed 16000K, reserved 1062912K
  class space    used 1585K, capacity 1803K, committed 1920K, reserved 1048576K
}
Event: 31787.157 GC heap before
{Heap before GC invocations=178 (full 0):
 garbage-first heap   total 78848K, used 55692K [0x0000000780000000, 0x00000007c0000000)
  region size 1024K, 28 young (28672K), 3 survivors (3072K)
 Metaspace       used 15010K, capacity 15282K, committed 16000K, reserved 1062912K
  class space    used 1496K, capacity 1634K, committed 1920K, reserved 1048576K
}
Event: 31787.173 GC heap after
{Heap after GC invocations=179 (full 0):
 garbage-first heap   total 78848K, used 30098K [0x0000000780000000, 0x00000007c0000000)
  region size 1024K, 3 young (3072K), 3 survivors (3072K)
 Metaspace       used 15010K, capacity 15282K, committed 16000K, reserved 1062912K
  class space    used 1496K, capacity 1634K, committed 1920K, reserved 1048576K
}

